  main.cpp
C:\Users\admin\source\repos\govnogovnaisgovna\govnogovnaisgovna\main.cpp(17,59): warning C4244: 'return': conversion from 'double' to 'int', possible loss of data
C:\Users\admin\source\repos\govnogovnaisgovna\govnogovnaisgovna\main.cpp(21,16): warning C4244: 'return': conversion from 'double' to 'int', possible loss of data
C:\Users\admin\source\repos\govnogovnaisgovna\govnogovnaisgovna\main.cpp(89,46): warning C4244: 'argument': conversion from 'int' to 'float', possible loss of data
C:\Users\admin\source\repos\govnogovnaisgovna\govnogovnaisgovna\main.cpp(89,38): warning C4244: 'argument': conversion from 'int' to 'float', possible loss of data
C:\Users\admin\source\repos\govnogovnaisgovna\govnogovnaisgovna\main.cpp(97,52): warning C4244: 'argument': conversion from 'int' to 'float', possible loss of data
C:\Users\admin\source\repos\govnogovnaisgovna\govnogovnaisgovna\main.cpp(97,44): warning C4244: 'argument': conversion from 'int' to 'float', possible loss of data
C:\Users\admin\source\repos\govnogovnaisgovna\govnogovnaisgovna\main.cpp(108,46): warning C4244: 'argument': conversion from 'int' to 'float', possible loss of data
C:\Users\admin\source\repos\govnogovnaisgovna\govnogovnaisgovna\main.cpp(108,38): warning C4244: 'argument': conversion from 'int' to 'float', possible loss of data
C:\Users\admin\source\repos\govnogovnaisgovna\govnogovnaisgovna\main.cpp(109,67): warning C4244: 'argument': conversion from 'float' to 'int', possible loss of data
C:\Users\admin\source\repos\govnogovnaisgovna\govnogovnaisgovna\main.cpp(109,61): warning C4244: 'argument': conversion from 'float' to 'int', possible loss of data
C:\Users\admin\source\repos\govnogovnaisgovna\govnogovnaisgovna\main.cpp(109,73): warning C4244: 'argument': conversion from 'int' to 'float', possible loss of data
C:\Users\admin\source\repos\govnogovnaisgovna\govnogovnaisgovna\main.cpp(153,85): warning C4244: 'argument': conversion from 'unsigned int' to 'T', possible loss of data
          with
          [
              T=float
          ]
C:\Users\admin\source\repos\govnogovnaisgovna\govnogovnaisgovna\main.cpp(153,67): warning C4244: 'argument': conversion from 'unsigned int' to 'T', possible loss of data
          with
          [
              T=float
          ]
C:\Users\admin\source\repos\govnogovnaisgovna\govnogovnaisgovna\main.cpp(159,81): warning C4244: 'argument': conversion from 'float' to 'int', possible loss of data
C:\Users\admin\source\repos\govnogovnaisgovna\govnogovnaisgovna\main.cpp(159,75): warning C4244: 'argument': conversion from 'float' to 'int', possible loss of data
C:\Users\admin\source\repos\govnogovnaisgovna\govnogovnaisgovna\main.cpp(159,40): warning C4244: 'argument': conversion from 'int' to 'float', possible loss of data
C:\Users\admin\source\repos\govnogovnaisgovna\govnogovnaisgovna\main.cpp(165,78): warning C4244: 'argument': conversion from 'float' to 'int', possible loss of data
C:\Users\admin\source\repos\govnogovnaisgovna\govnogovnaisgovna\main.cpp(165,72): warning C4244: 'argument': conversion from 'float' to 'int', possible loss of data
C:\Users\admin\source\repos\govnogovnaisgovna\govnogovnaisgovna\main.cpp(165,37): warning C4244: '=': conversion from 'int' to 'float', possible loss of data
C:\Users\admin\source\repos\govnogovnaisgovna\govnogovnaisgovna\main.cpp(176,104): warning C4244: 'argument': conversion from 'float' to 'int', possible loss of data
C:\Users\admin\source\repos\govnogovnaisgovna\govnogovnaisgovna\main.cpp(176,98): warning C4244: 'argument': conversion from 'float' to 'int', possible loss of data
C:\Users\admin\source\repos\govnogovnaisgovna\govnogovnaisgovna\main.cpp(176,94): warning C4244: 'argument': conversion from 'float' to 'int', possible loss of data
C:\Users\admin\source\repos\govnogovnaisgovna\govnogovnaisgovna\main.cpp(176,78): warning C4244: 'argument': conversion from 'float' to 'int', possible loss of data
C:\Users\admin\source\repos\govnogovnaisgovna\govnogovnaisgovna\main.cpp(180,82): warning C4244: 'argument': conversion from 'float' to 'int', possible loss of data
C:\Users\admin\source\repos\govnogovnaisgovna\govnogovnaisgovna\main.cpp(180,66): warning C4244: 'argument': conversion from 'float' to 'int', possible loss of data
C:\Users\admin\source\repos\govnogovnaisgovna\govnogovnaisgovna\main.cpp(180,48): warning C4244: 'argument': conversion from 'float' to 'int', possible loss of data
C:\Users\admin\source\repos\govnogovnaisgovna\govnogovnaisgovna\main.cpp(180,42): warning C4244: 'argument': conversion from 'float' to 'int', possible loss of data
C:\Users\admin\source\repos\govnogovnaisgovna\govnogovnaisgovna\main.cpp(180,41): warning C4244: '=': conversion from 'int' to 'float', possible loss of data
C:\Users\admin\source\repos\govnogovnaisgovna\govnogovnaisgovna\main.cpp(268,54): warning C4244: 'argument': conversion from 'int' to 'float', possible loss of data
C:\Users\admin\source\repos\govnogovnaisgovna\govnogovnaisgovna\main.cpp(268,46): warning C4244: 'argument': conversion from 'int' to 'float', possible loss of data
C:\Users\admin\source\repos\govnogovnaisgovna\govnogovnaisgovna\main.cpp(275,54): warning C4244: 'argument': conversion from 'int' to 'float', possible loss of data
C:\Users\admin\source\repos\govnogovnaisgovna\govnogovnaisgovna\main.cpp(275,46): warning C4244: 'argument': conversion from 'int' to 'float', possible loss of data
C:\Users\admin\source\repos\govnogovnaisgovna\govnogovnaisgovna\main.cpp(276,75): warning C4244: 'argument': conversion from 'float' to 'int', possible loss of data
C:\Users\admin\source\repos\govnogovnaisgovna\govnogovnaisgovna\main.cpp(276,69): warning C4244: 'argument': conversion from 'float' to 'int', possible loss of data
C:\Users\admin\source\repos\govnogovnaisgovna\govnogovnaisgovna\main.cpp(276,81): warning C4244: 'argument': conversion from 'int' to 'float', possible loss of data
C:\Users\admin\source\repos\govnogovnaisgovna\govnogovnaisgovna\main.cpp(283,60): warning C4244: 'argument': conversion from 'int' to 'float', possible loss of data
C:\Users\admin\source\repos\govnogovnaisgovna\govnogovnaisgovna\main.cpp(283,52): warning C4244: 'argument': conversion from 'int' to 'float', possible loss of data
C:\Users\admin\source\repos\govnogovnaisgovna\govnogovnaisgovna\main.cpp(307,61): warning C4244: '+=': conversion from 'double' to 'float', possible loss of data
C:\Users\admin\source\repos\govnogovnaisgovna\govnogovnaisgovna\main.cpp(308,61): warning C4244: '+=': conversion from 'double' to 'float', possible loss of data
  Generating code
  2 of 372 functions ( 0.5%) were compiled, the rest were copied from previous compilation.
    0 functions were new in current compilation
    0 functions had inline decision re-evaluated but remain unchanged
  Finished generating code
  govnogovnaisgovna.vcxproj -> C:\Users\admin\source\repos\govnogovnaisgovna\x64\Release\govnogovnaisgovna.exe
