  main.cpp
C:\Users\admin\source\repos\govnogovnaisgovna\govnogovnaisgovna\main.cpp(34,59): warning C4244: 'return': conversion from 'double' to 'int', possible loss of data
C:\Users\admin\source\repos\govnogovnaisgovna\govnogovnaisgovna\main.cpp(85,50): warning C4244: 'argument': conversion from 'int' to 'float', possible loss of data
C:\Users\admin\source\repos\govnogovnaisgovna\govnogovnaisgovna\main.cpp(85,42): warning C4244: 'argument': conversion from 'int' to 'float', possible loss of data
C:\Users\admin\source\repos\govnogovnaisgovna\govnogovnaisgovna\main.cpp(106,46): warning C4244: 'argument': conversion from 'int' to 'float', possible loss of data
C:\Users\admin\source\repos\govnogovnaisgovna\govnogovnaisgovna\main.cpp(106,38): warning C4244: 'argument': conversion from 'int' to 'float', possible loss of data
C:\Users\admin\source\repos\govnogovnaisgovna\govnogovnaisgovna\main.cpp(113,46): warning C4244: 'argument': conversion from 'int' to 'float', possible loss of data
C:\Users\admin\source\repos\govnogovnaisgovna\govnogovnaisgovna\main.cpp(113,38): warning C4244: 'argument': conversion from 'int' to 'float', possible loss of data
C:\Users\admin\source\repos\govnogovnaisgovna\govnogovnaisgovna\main.cpp(114,67): warning C4244: 'argument': conversion from 'float' to 'int', possible loss of data
C:\Users\admin\source\repos\govnogovnaisgovna\govnogovnaisgovna\main.cpp(114,61): warning C4244: 'argument': conversion from 'float' to 'int', possible loss of data
C:\Users\admin\source\repos\govnogovnaisgovna\govnogovnaisgovna\main.cpp(114,73): warning C4244: 'argument': conversion from 'int' to 'float', possible loss of data
C:\Users\admin\source\repos\govnogovnaisgovna\govnogovnaisgovna\main.cpp(139,85): warning C4244: 'argument': conversion from 'unsigned int' to 'T', possible loss of data
          with
          [
              T=float
          ]
C:\Users\admin\source\repos\govnogovnaisgovna\govnogovnaisgovna\main.cpp(139,67): warning C4244: 'argument': conversion from 'unsigned int' to 'T', possible loss of data
          with
          [
              T=float
          ]
C:\Users\admin\source\repos\govnogovnaisgovna\govnogovnaisgovna\main.cpp(145,81): warning C4244: 'argument': conversion from 'float' to 'int', possible loss of data
C:\Users\admin\source\repos\govnogovnaisgovna\govnogovnaisgovna\main.cpp(145,75): warning C4244: 'argument': conversion from 'float' to 'int', possible loss of data
C:\Users\admin\source\repos\govnogovnaisgovna\govnogovnaisgovna\main.cpp(145,40): warning C4244: 'argument': conversion from 'int' to 'float', possible loss of data
C:\Users\admin\source\repos\govnogovnaisgovna\govnogovnaisgovna\main.cpp(152,78): warning C4244: 'argument': conversion from 'float' to 'int', possible loss of data
C:\Users\admin\source\repos\govnogovnaisgovna\govnogovnaisgovna\main.cpp(152,72): warning C4244: 'argument': conversion from 'float' to 'int', possible loss of data
C:\Users\admin\source\repos\govnogovnaisgovna\govnogovnaisgovna\main.cpp(152,37): warning C4244: '=': conversion from 'int' to 'float', possible loss of data
C:\Users\admin\source\repos\govnogovnaisgovna\govnogovnaisgovna\main.cpp(215,54): warning C4244: 'argument': conversion from 'int' to 'float', possible loss of data
C:\Users\admin\source\repos\govnogovnaisgovna\govnogovnaisgovna\main.cpp(215,46): warning C4244: 'argument': conversion from 'int' to 'float', possible loss of data
C:\Users\admin\source\repos\govnogovnaisgovna\govnogovnaisgovna\main.cpp(222,54): warning C4244: 'argument': conversion from 'int' to 'float', possible loss of data
C:\Users\admin\source\repos\govnogovnaisgovna\govnogovnaisgovna\main.cpp(222,46): warning C4244: 'argument': conversion from 'int' to 'float', possible loss of data
C:\Users\admin\source\repos\govnogovnaisgovna\govnogovnaisgovna\main.cpp(223,75): warning C4244: 'argument': conversion from 'float' to 'int', possible loss of data
C:\Users\admin\source\repos\govnogovnaisgovna\govnogovnaisgovna\main.cpp(223,69): warning C4244: 'argument': conversion from 'float' to 'int', possible loss of data
C:\Users\admin\source\repos\govnogovnaisgovna\govnogovnaisgovna\main.cpp(223,81): warning C4244: 'argument': conversion from 'int' to 'float', possible loss of data
C:\Users\admin\source\repos\govnogovnaisgovna\govnogovnaisgovna\main.cpp(234,61): warning C4244: '+=': conversion from 'double' to 'float', possible loss of data
C:\Users\admin\source\repos\govnogovnaisgovna\govnogovnaisgovna\main.cpp(235,61): warning C4244: '+=': conversion from 'double' to 'float', possible loss of data
  Generating code
  1 of 211 functions ( 0.5%) were compiled, the rest were copied from previous compilation.
    0 functions were new in current compilation
    0 functions had inline decision re-evaluated but remain unchanged
  Finished generating code
  govnogovnaisgovna.vcxproj -> C:\Users\admin\source\repos\govnogovnaisgovna\x64\Release\govnogovnaisgovna.exe
